2019-09-06 15:43:41.757 [] [main]  [INFO] ind.charlie.frameworkmanage.FrameworkManageApplication.logStartupProfileInfo:593 No active profile set, falling back to default profiles: default
2019-09-06 15:43:41.772 [] [main]  [INFO] org.springframework.boot.context.embedded.AnnotationConfigEmbeddedWebApplicationContext.prepareRefresh:583 Refreshing org.springframework.boot.context.embedded.AnnotationConfigEmbeddedWebApplicationContext@49964d75: startup date [Fri Sep 06 15:43:41 CST 2019]; parent: org.springframework.context.annotation.AnnotationConfigApplicationContext@4c12331b
2019-09-06 15:43:42.935 [] [main]  [INFO] org.springframework.cloud.context.scope.GenericScope.setSerializationId:263 BeanFactory id=0aca81a5-abe6-3799-b8cf-7f50965e9b7c
2019-09-06 15:43:42.950 [] [main]  [INFO] org.springframework.beans.factory.annotation.AutowiredAnnotationBeanPostProcessor.<init>:155 JSR-330 'javax.inject.Inject' annotation found and supported for autowiring
2019-09-06 15:43:42.981 [] [main]  [INFO] org.springframework.context.support.PostProcessorRegistrationDelegate$BeanPostProcessorChecker.postProcessAfterInitialization:325 Bean 'org.springframework.cloud.netflix.metrics.MetricsInterceptorConfiguration$MetricsRestTemplateConfiguration' of type [org.springframework.cloud.netflix.metrics.MetricsInterceptorConfiguration$MetricsRestTemplateConfiguration$$EnhancerBySpringCGLIB$$b7705595] is not eligible for getting processed by all BeanPostProcessors (for example: not eligible for auto-proxying)
2019-09-06 15:43:42.987 [] [main]  [INFO] org.springframework.context.support.PostProcessorRegistrationDelegate$BeanPostProcessorChecker.postProcessAfterInitialization:325 Bean 'org.springframework.cloud.autoconfigure.ConfigurationPropertiesRebinderAutoConfiguration' of type [org.springframework.cloud.autoconfigure.ConfigurationPropertiesRebinderAutoConfiguration$$EnhancerBySpringCGLIB$$a15db251] is not eligible for getting processed by all BeanPostProcessors (for example: not eligible for auto-proxying)
2019-09-06 15:43:43.286 [] [main]  [INFO] org.springframework.boot.context.embedded.tomcat.TomcatEmbeddedServletContainer.initialize:89 Tomcat initialized with port(s): 8734 (http)
2019-09-06 15:43:43.326 [] [main]  [INFO] org.apache.catalina.core.StandardService.log:179 Starting service [Tomcat]
2019-09-06 15:43:43.328 [] [main]  [INFO] org.apache.catalina.core.StandardEngine.log:179 Starting Servlet Engine: Apache Tomcat/8.5.15
2019-09-06 15:43:43.567 [] [localhost-startStop-1]  [INFO] org.apache.catalina.core.ContainerBase.[Tomcat].[localhost].[/].log:179 Initializing Spring embedded WebApplicationContext
2019-09-06 15:43:43.568 [] [localhost-startStop-1]  [INFO] org.springframework.web.context.ContextLoader.prepareEmbeddedWebApplicationContext:276 Root WebApplicationContext: initialization completed in 1796 ms
2019-09-06 15:43:43.791 [] [localhost-startStop-1]  [INFO] org.springframework.boot.web.servlet.ServletRegistrationBean.onStartup:190 Mapping servlet: 'dispatcherServlet' to [/]
2019-09-06 15:43:43.795 [] [localhost-startStop-1]  [INFO] org.springframework.boot.web.servlet.FilterRegistrationBean.configure:258 Mapping filter: 'metricsFilter' to: [/*]
2019-09-06 15:43:43.796 [] [localhost-startStop-1]  [INFO] org.springframework.boot.web.servlet.FilterRegistrationBean.configure:258 Mapping filter: 'characterEncodingFilter' to: [/*]
2019-09-06 15:43:43.796 [] [localhost-startStop-1]  [INFO] org.springframework.boot.web.servlet.FilterRegistrationBean.configure:258 Mapping filter: 'hiddenHttpMethodFilter' to: [/*]
2019-09-06 15:43:43.796 [] [localhost-startStop-1]  [INFO] org.springframework.boot.web.servlet.FilterRegistrationBean.configure:258 Mapping filter: 'httpPutFormContentFilter' to: [/*]
2019-09-06 15:43:43.797 [] [localhost-startStop-1]  [INFO] org.springframework.boot.web.servlet.FilterRegistrationBean.configure:258 Mapping filter: 'requestContextFilter' to: [/*]
2019-09-06 15:43:43.797 [] [localhost-startStop-1]  [INFO] org.springframework.boot.web.servlet.FilterRegistrationBean.configure:258 Mapping filter: 'webRequestLoggingFilter' to: [/*]
2019-09-06 15:43:43.797 [] [localhost-startStop-1]  [INFO] org.springframework.boot.web.servlet.FilterRegistrationBean.configure:258 Mapping filter: 'applicationContextIdFilter' to: [/*]
2019-09-06 15:43:44.253 [] [main]  [INFO] org.springframework.web.servlet.mvc.method.annotation.RequestMappingHandlerMapping.register:543 Mapped "{[/test/test3333],methods=[GET]}" onto public java.lang.String ind.charlie.frameworkmanage.controller.Test2Controller.test() throws java.lang.Exception
2019-09-06 15:43:44.255 [] [main]  [INFO] org.springframework.web.servlet.mvc.method.annotation.RequestMappingHandlerMapping.register:543 Mapped "{[/test/test],methods=[GET]}" onto public java.lang.String ind.charlie.frameworkmanage.controller.TestController.test()
2019-09-06 15:43:44.259 [] [main]  [INFO] org.springframework.web.servlet.mvc.method.annotation.RequestMappingHandlerMapping.register:543 Mapped "{[/swagger-resources/configuration/security]}" onto public org.springframework.http.ResponseEntity<springfox.documentation.swagger.web.SecurityConfiguration> springfox.documentation.swagger.web.ApiResourceController.securityConfiguration()
2019-09-06 15:43:44.261 [] [main]  [INFO] org.springframework.web.servlet.mvc.method.annotation.RequestMappingHandlerMapping.register:543 Mapped "{[/swagger-resources]}" onto public org.springframework.http.ResponseEntity<java.util.List<springfox.documentation.swagger.web.SwaggerResource>> springfox.documentation.swagger.web.ApiResourceController.swaggerResources()
2019-09-06 15:43:44.262 [] [main]  [INFO] org.springframework.web.servlet.mvc.method.annotation.RequestMappingHandlerMapping.register:543 Mapped "{[/swagger-resources/configuration/ui]}" onto public org.springframework.http.ResponseEntity<springfox.documentation.swagger.web.UiConfiguration> springfox.documentation.swagger.web.ApiResourceController.uiConfiguration()
2019-09-06 15:43:44.267 [] [main]  [INFO] org.springframework.web.servlet.mvc.method.annotation.RequestMappingHandlerMapping.register:543 Mapped "{[/error]}" onto public org.springframework.http.ResponseEntity<java.util.Map<java.lang.String, java.lang.Object>> org.springframework.boot.autoconfigure.web.BasicErrorController.error(javax.servlet.http.HttpServletRequest)
2019-09-06 15:43:44.267 [] [main]  [INFO] org.springframework.web.servlet.mvc.method.annotation.RequestMappingHandlerMapping.register:543 Mapped "{[/error],produces=[text/html]}" onto public org.springframework.web.servlet.ModelAndView org.springframework.boot.autoconfigure.web.BasicErrorController.errorHtml(javax.servlet.http.HttpServletRequest,javax.servlet.http.HttpServletResponse)
2019-09-06 15:43:45.310 [] [main]  [INFO] org.springframework.boot.actuate.endpoint.mvc.EndpointHandlerMapping.register:543 Mapped "{[/configprops || /configprops.json],methods=[GET],produces=[application/vnd.spring-boot.actuator.v1+json || application/json]}" onto public java.lang.Object org.springframework.boot.actuate.endpoint.mvc.EndpointMvcAdapter.invoke()
2019-09-06 15:43:45.311 [] [main]  [INFO] org.springframework.boot.actuate.endpoint.mvc.EndpointHandlerMapping.register:543 Mapped "{[/autoconfig || /autoconfig.json],methods=[GET],produces=[application/vnd.spring-boot.actuator.v1+json || application/json]}" onto public java.lang.Object org.springframework.boot.actuate.endpoint.mvc.EndpointMvcAdapter.invoke()
2019-09-06 15:43:45.312 [] [main]  [INFO] org.springframework.boot.actuate.endpoint.mvc.EndpointHandlerMapping.register:543 Mapped "{[/trace || /trace.json],methods=[GET],produces=[application/vnd.spring-boot.actuator.v1+json || application/json]}" onto public java.lang.Object org.springframework.boot.actuate.endpoint.mvc.EndpointMvcAdapter.invoke()
2019-09-06 15:43:45.313 [] [main]  [INFO] org.springframework.boot.actuate.endpoint.mvc.EndpointHandlerMapping.register:543 Mapped "{[/dump || /dump.json],methods=[GET],produces=[application/vnd.spring-boot.actuator.v1+json || application/json]}" onto public java.lang.Object org.springframework.boot.actuate.endpoint.mvc.EndpointMvcAdapter.invoke()
2019-09-06 15:43:45.314 [] [main]  [INFO] org.springframework.boot.actuate.endpoint.mvc.EndpointHandlerMapping.register:543 Mapped "{[/archaius || /archaius.json],methods=[GET],produces=[application/vnd.spring-boot.actuator.v1+json || application/json]}" onto public java.lang.Object org.springframework.boot.actuate.endpoint.mvc.EndpointMvcAdapter.invoke()
2019-09-06 15:43:45.315 [] [main]  [INFO] org.springframework.boot.actuate.endpoint.mvc.EndpointHandlerMapping.register:543 Mapped "{[/info || /info.json],methods=[GET],produces=[application/vnd.spring-boot.actuator.v1+json || application/json]}" onto public java.lang.Object org.springframework.boot.actuate.endpoint.mvc.EndpointMvcAdapter.invoke()
2019-09-06 15:43:45.315 [] [main]  [INFO] org.springframework.boot.actuate.endpoint.mvc.EndpointHandlerMapping.register:543 Mapped "{[/refresh || /refresh.json],methods=[POST]}" onto public java.lang.Object org.springframework.cloud.endpoint.GenericPostableMvcEndpoint.invoke()
2019-09-06 15:43:45.315 [] [main]  [INFO] org.springframework.boot.actuate.endpoint.mvc.EndpointHandlerMapping.register:543 Mapped "{[/resume || /resume.json],methods=[POST]}" onto public java.lang.Object org.springframework.cloud.endpoint.GenericPostableMvcEndpoint.invoke()
2019-09-06 15:43:45.316 [] [main]  [INFO] org.springframework.boot.actuate.endpoint.mvc.EndpointHandlerMapping.register:543 Mapped "{[/mappings || /mappings.json],methods=[GET],produces=[application/vnd.spring-boot.actuator.v1+json || application/json]}" onto public java.lang.Object org.springframework.boot.actuate.endpoint.mvc.EndpointMvcAdapter.invoke()
2019-09-06 15:43:45.317 [] [main]  [INFO] org.springframework.boot.actuate.endpoint.mvc.EndpointHandlerMapping.register:543 Mapped "{[/health || /health.json],methods=[GET],produces=[application/vnd.spring-boot.actuator.v1+json || application/json]}" onto public java.lang.Object org.springframework.boot.actuate.endpoint.mvc.HealthMvcEndpoint.invoke(javax.servlet.http.HttpServletRequest,java.security.Principal)
2019-09-06 15:43:45.318 [] [main]  [INFO] org.springframework.boot.actuate.endpoint.mvc.EndpointHandlerMapping.register:543 Mapped "{[/metrics/{name:.*}],methods=[GET],produces=[application/vnd.spring-boot.actuator.v1+json || application/json]}" onto public java.lang.Object org.springframework.boot.actuate.endpoint.mvc.MetricsMvcEndpoint.value(java.lang.String)
2019-09-06 15:43:45.318 [] [main]  [INFO] org.springframework.boot.actuate.endpoint.mvc.EndpointHandlerMapping.register:543 Mapped "{[/metrics || /metrics.json],methods=[GET],produces=[application/vnd.spring-boot.actuator.v1+json || application/json]}" onto public java.lang.Object org.springframework.boot.actuate.endpoint.mvc.EndpointMvcAdapter.invoke()
2019-09-06 15:43:45.318 [] [main]  [INFO] org.springframework.boot.actuate.endpoint.mvc.EndpointHandlerMapping.register:543 Mapped "{[/heapdump || /heapdump.json],methods=[GET],produces=[application/octet-stream]}" onto public void org.springframework.boot.actuate.endpoint.mvc.HeapdumpMvcEndpoint.invoke(boolean,javax.servlet.http.HttpServletRequest,javax.servlet.http.HttpServletResponse) throws java.io.IOException,javax.servlet.ServletException
2019-09-06 15:43:45.320 [] [main]  [INFO] org.springframework.boot.actuate.endpoint.mvc.EndpointHandlerMapping.register:543 Mapped "{[/restart || /restart.json],methods=[POST]}" onto public java.lang.Object org.springframework.cloud.context.restart.RestartMvcEndpoint.invoke()
2019-09-06 15:43:45.321 [] [main]  [INFO] org.springframework.boot.actuate.endpoint.mvc.EndpointHandlerMapping.register:543 Mapped "{[/pause || /pause.json],methods=[POST]}" onto public java.lang.Object org.springframework.cloud.endpoint.GenericPostableMvcEndpoint.invoke()
2019-09-06 15:43:45.321 [] [main]  [INFO] org.springframework.boot.actuate.endpoint.mvc.EndpointHandlerMapping.register:543 Mapped "{[/service-registry/instance-status],methods=[POST]}" onto public org.springframework.http.ResponseEntity<?> org.springframework.cloud.client.serviceregistry.endpoint.ServiceRegistryEndpoint.setStatus(java.lang.String)
2019-09-06 15:43:45.322 [] [main]  [INFO] org.springframework.boot.actuate.endpoint.mvc.EndpointHandlerMapping.register:543 Mapped "{[/service-registry/instance-status],methods=[GET]}" onto public org.springframework.http.ResponseEntity org.springframework.cloud.client.serviceregistry.endpoint.ServiceRegistryEndpoint.getStatus()
2019-09-06 15:43:45.322 [] [main]  [INFO] org.springframework.boot.actuate.endpoint.mvc.EndpointHandlerMapping.register:543 Mapped "{[/beans || /beans.json],methods=[GET],produces=[application/vnd.spring-boot.actuator.v1+json || application/json]}" onto public java.lang.Object org.springframework.boot.actuate.endpoint.mvc.EndpointMvcAdapter.invoke()
2019-09-06 15:43:45.323 [] [main]  [INFO] org.springframework.boot.actuate.endpoint.mvc.EndpointHandlerMapping.register:543 Mapped "{[/auditevents || /auditevents.json],methods=[GET],produces=[application/vnd.spring-boot.actuator.v1+json || application/json]}" onto public org.springframework.http.ResponseEntity<?> org.springframework.boot.actuate.endpoint.mvc.AuditEventsMvcEndpoint.findByPrincipalAndAfterAndType(java.lang.String,java.util.Date,java.lang.String)
2019-09-06 15:43:45.324 [] [main]  [INFO] org.springframework.boot.actuate.endpoint.mvc.EndpointHandlerMapping.register:543 Mapped "{[/env],methods=[POST]}" onto public java.lang.Object org.springframework.cloud.context.environment.EnvironmentManagerMvcEndpoint.value(java.util.Map<java.lang.String, java.lang.String>)
2019-09-06 15:43:45.325 [] [main]  [INFO] org.springframework.boot.actuate.endpoint.mvc.EndpointHandlerMapping.register:543 Mapped "{[/env/reset],methods=[POST]}" onto public java.util.Map<java.lang.String, java.lang.Object> org.springframework.cloud.context.environment.EnvironmentManagerMvcEndpoint.reset()
2019-09-06 15:43:45.326 [] [main]  [INFO] org.springframework.boot.actuate.endpoint.mvc.EndpointHandlerMapping.register:543 Mapped "{[/loggers/{name:.*}],methods=[GET],produces=[application/vnd.spring-boot.actuator.v1+json || application/json]}" onto public java.lang.Object org.springframework.boot.actuate.endpoint.mvc.LoggersMvcEndpoint.get(java.lang.String)
2019-09-06 15:43:45.327 [] [main]  [INFO] org.springframework.boot.actuate.endpoint.mvc.EndpointHandlerMapping.register:543 Mapped "{[/loggers/{name:.*}],methods=[POST],consumes=[application/vnd.spring-boot.actuator.v1+json || application/json],produces=[application/vnd.spring-boot.actuator.v1+json || application/json]}" onto public java.lang.Object org.springframework.boot.actuate.endpoint.mvc.LoggersMvcEndpoint.set(java.lang.String,java.util.Map<java.lang.String, java.lang.String>)
2019-09-06 15:43:45.328 [] [main]  [INFO] org.springframework.boot.actuate.endpoint.mvc.EndpointHandlerMapping.register:543 Mapped "{[/loggers || /loggers.json],methods=[GET],produces=[application/vnd.spring-boot.actuator.v1+json || application/json]}" onto public java.lang.Object org.springframework.boot.actuate.endpoint.mvc.EndpointMvcAdapter.invoke()
2019-09-06 15:43:45.328 [] [main]  [INFO] org.springframework.boot.actuate.endpoint.mvc.EndpointHandlerMapping.register:543 Mapped "{[/features || /features.json],methods=[GET],produces=[application/vnd.spring-boot.actuator.v1+json || application/json]}" onto public java.lang.Object org.springframework.boot.actuate.endpoint.mvc.EndpointMvcAdapter.invoke()
2019-09-06 15:43:45.329 [] [main]  [INFO] org.springframework.boot.actuate.endpoint.mvc.EndpointHandlerMapping.register:543 Mapped "{[/env/{name:.*}],methods=[GET],produces=[application/vnd.spring-boot.actuator.v1+json || application/json]}" onto public java.lang.Object org.springframework.boot.actuate.endpoint.mvc.EnvironmentMvcEndpoint.value(java.lang.String)
2019-09-06 15:43:45.330 [] [main]  [INFO] org.springframework.boot.actuate.endpoint.mvc.EndpointHandlerMapping.register:543 Mapped "{[/env || /env.json],methods=[GET],produces=[application/vnd.spring-boot.actuator.v1+json || application/json]}" onto public java.lang.Object org.springframework.boot.actuate.endpoint.mvc.EndpointMvcAdapter.invoke()
2019-09-06 15:43:45.434 [] [main]  [INFO] springfox.documentation.spring.web.PropertySourcedRequestMappingHandlerMapping.initHandlerMethods:69 Mapped URL path [/v2/api-docs] onto method [public org.springframework.http.ResponseEntity<springfox.documentation.spring.web.json.Json> springfox.documentation.swagger2.web.Swagger2Controller.getDocumentation(java.lang.String,javax.servlet.http.HttpServletRequest)]
2019-09-06 15:43:45.633 [] [main]  [INFO] org.springframework.web.servlet.mvc.method.annotation.RequestMappingHandlerAdapter.initControllerAdviceCache:534 Looking for @ControllerAdvice: org.springframework.boot.context.embedded.AnnotationConfigEmbeddedWebApplicationContext@49964d75: startup date [Fri Sep 06 15:43:41 CST 2019]; parent: org.springframework.context.annotation.AnnotationConfigApplicationContext@4c12331b
2019-09-06 15:43:45.685 [] [main]  [INFO] org.springframework.web.servlet.handler.SimpleUrlHandlerMapping.registerHandler:362 Mapped URL path [/webjars/**] onto handler of type [class org.springframework.web.servlet.resource.ResourceHttpRequestHandler]
2019-09-06 15:43:45.685 [] [main]  [INFO] org.springframework.web.servlet.handler.SimpleUrlHandlerMapping.registerHandler:362 Mapped URL path [/**] onto handler of type [class org.springframework.web.servlet.resource.ResourceHttpRequestHandler]
2019-09-06 15:43:45.717 [] [main]  [INFO] org.springframework.web.servlet.handler.SimpleUrlHandlerMapping.registerHandler:362 Mapped URL path [/**/favicon.ico] onto handler of type [class org.springframework.web.servlet.resource.ResourceHttpRequestHandler]
2019-09-06 15:43:45.957 [] [main]  [INFO] org.springframework.ui.freemarker.SpringTemplateLoader.<init>:61 SpringTemplateLoader for FreeMarker: using resource loader [org.springframework.boot.context.embedded.AnnotationConfigEmbeddedWebApplicationContext@49964d75: startup date [Fri Sep 06 15:43:41 CST 2019]; parent: org.springframework.context.annotation.AnnotationConfigApplicationContext@4c12331b] and template loader path [classpath:/templates/]
2019-09-06 15:43:45.958 [] [main]  [INFO] org.springframework.web.servlet.view.freemarker.FreeMarkerConfigurer.postProcessTemplateLoaders:127 ClassTemplateLoader for Spring macros added to FreeMarker configuration
2019-09-06 15:43:46.040 [] [main]  [WARN] com.netflix.config.sources.URLConfigurationSource.<init>:121 No URLs will be polled as dynamic configuration sources.
2019-09-06 15:43:46.041 [] [main]  [INFO] com.netflix.config.sources.URLConfigurationSource.<init>:122 To enable URLs as dynamic configuration sources, define System property archaius.configurationSource.additionalUrls or make config.properties available on classpath.
2019-09-06 15:43:46.046 [] [main]  [WARN] com.netflix.config.sources.URLConfigurationSource.<init>:121 No URLs will be polled as dynamic configuration sources.
2019-09-06 15:43:46.046 [] [main]  [INFO] com.netflix.config.sources.URLConfigurationSource.<init>:122 To enable URLs as dynamic configuration sources, define System property archaius.configurationSource.additionalUrls or make config.properties available on classpath.
2019-09-06 15:43:46.127 [] [main]  [INFO] org.springframework.jmx.export.annotation.AnnotationMBeanExporter.afterSingletonsInstantiated:431 Registering beans for JMX exposure on startup
2019-09-06 15:43:46.135 [] [main]  [INFO] org.springframework.jmx.export.annotation.AnnotationMBeanExporter.autodetect:916 Bean with name 'environmentManager' has been autodetected for JMX exposure
2019-09-06 15:43:46.136 [] [main]  [INFO] org.springframework.jmx.export.annotation.AnnotationMBeanExporter.autodetect:916 Bean with name 'configurationPropertiesRebinder' has been autodetected for JMX exposure
2019-09-06 15:43:46.137 [] [main]  [INFO] org.springframework.jmx.export.annotation.AnnotationMBeanExporter.autodetect:916 Bean with name 'refreshEndpoint' has been autodetected for JMX exposure
2019-09-06 15:43:46.137 [] [main]  [INFO] org.springframework.jmx.export.annotation.AnnotationMBeanExporter.autodetect:916 Bean with name 'restartEndpoint' has been autodetected for JMX exposure
2019-09-06 15:43:46.138 [] [main]  [INFO] org.springframework.jmx.export.annotation.AnnotationMBeanExporter.autodetect:916 Bean with name 'serviceRegistryEndpoint' has been autodetected for JMX exposure
2019-09-06 15:43:46.139 [] [main]  [INFO] org.springframework.jmx.export.annotation.AnnotationMBeanExporter.autodetect:916 Bean with name 'refreshScope' has been autodetected for JMX exposure
2019-09-06 15:43:46.141 [] [main]  [INFO] org.springframework.jmx.export.annotation.AnnotationMBeanExporter.registerBeanInstance:678 Located managed bean 'environmentManager': registering with JMX server as MBean [org.springframework.cloud.context.environment:name=environmentManager,type=EnvironmentManager]
2019-09-06 15:43:46.152 [] [main]  [INFO] org.springframework.jmx.export.annotation.AnnotationMBeanExporter.registerBeanInstance:678 Located managed bean 'restartEndpoint': registering with JMX server as MBean [org.springframework.cloud.context.restart:name=restartEndpoint,type=RestartEndpoint]
2019-09-06 15:43:46.163 [] [main]  [INFO] org.springframework.jmx.export.annotation.AnnotationMBeanExporter.registerBeanInstance:678 Located managed bean 'serviceRegistryEndpoint': registering with JMX server as MBean [org.springframework.cloud.client.serviceregistry.endpoint:name=serviceRegistryEndpoint,type=ServiceRegistryEndpoint]
2019-09-06 15:43:46.170 [] [main]  [INFO] org.springframework.jmx.export.annotation.AnnotationMBeanExporter.registerBeanInstance:678 Located managed bean 'refreshScope': registering with JMX server as MBean [org.springframework.cloud.context.scope.refresh:name=refreshScope,type=RefreshScope]
2019-09-06 15:43:46.179 [] [main]  [INFO] org.springframework.jmx.export.annotation.AnnotationMBeanExporter.registerBeanInstance:678 Located managed bean 'configurationPropertiesRebinder': registering with JMX server as MBean [org.springframework.cloud.context.properties:name=configurationPropertiesRebinder,context=49964d75,type=ConfigurationPropertiesRebinder]
2019-09-06 15:43:46.183 [] [main]  [INFO] org.springframework.jmx.export.annotation.AnnotationMBeanExporter.registerBeanInstance:678 Located managed bean 'refreshEndpoint': registering with JMX server as MBean [org.springframework.cloud.endpoint:name=refreshEndpoint,type=RefreshEndpoint]
2019-09-06 15:43:46.356 [] [main]  [INFO] org.springframework.context.support.DefaultLifecycleProcessor.start:343 Starting beans in phase 0
2019-09-06 15:43:46.362 [] [main]  [INFO] org.springframework.cloud.netflix.eureka.InstanceInfoFactory.create:70 Setting initial instance status as: STARTING
2019-09-06 15:43:46.393 [] [main]  [INFO] com.netflix.discovery.DiscoveryClient.<init>:344 Initializing Eureka in region us-east-1
2019-09-06 15:43:47.349 [] [main]  [INFO] com.netflix.discovery.provider.DiscoveryJerseyProvider.<init>:70 Using JSON encoding codec LegacyJacksonJson
2019-09-06 15:43:47.349 [] [main]  [INFO] com.netflix.discovery.provider.DiscoveryJerseyProvider.<init>:71 Using JSON decoding codec LegacyJacksonJson
2019-09-06 15:43:47.461 [] [main]  [INFO] com.netflix.discovery.provider.DiscoveryJerseyProvider.<init>:80 Using XML encoding codec XStreamXml
2019-09-06 15:43:47.461 [] [main]  [INFO] com.netflix.discovery.provider.DiscoveryJerseyProvider.<init>:81 Using XML decoding codec XStreamXml
2019-09-06 15:43:47.604 [] [main]  [INFO] com.netflix.discovery.shared.resolver.aws.ConfigClusterResolver.getClusterEndpoints:43 Resolving eureka endpoints via configuration
2019-09-06 15:43:47.983 [] [main]  [INFO] com.netflix.discovery.DiscoveryClient.fetchRegistry:920 Disable delta property : false
2019-09-06 15:43:47.983 [] [main]  [INFO] com.netflix.discovery.DiscoveryClient.fetchRegistry:921 Single vip registry refresh property : null
2019-09-06 15:43:47.983 [] [main]  [INFO] com.netflix.discovery.DiscoveryClient.fetchRegistry:922 Force full registry fetch : false
2019-09-06 15:43:47.983 [] [main]  [INFO] com.netflix.discovery.DiscoveryClient.fetchRegistry:923 Application is null : false
2019-09-06 15:43:47.984 [] [main]  [INFO] com.netflix.discovery.DiscoveryClient.fetchRegistry:924 Registered Applications size is zero : true
2019-09-06 15:43:47.984 [] [main]  [INFO] com.netflix.discovery.DiscoveryClient.fetchRegistry:926 Application version is -1: true
2019-09-06 15:43:47.985 [] [main]  [INFO] com.netflix.discovery.DiscoveryClient.getAndStoreFullRegistry:1009 Getting all instance registry info from the eureka server
2019-09-06 15:43:48.227 [] [main]  [INFO] com.netflix.discovery.DiscoveryClient.getAndStoreFullRegistry:1018 The response status is 200
2019-09-06 15:43:48.228 [] [main]  [INFO] com.netflix.discovery.DiscoveryClient.initScheduledTasks:1244 Starting heartbeat executor: renew interval is: 5
2019-09-06 15:43:48.230 [] [main]  [INFO] com.netflix.discovery.InstanceInfoReplicator.<init>:59 InstanceInfoReplicator onDemand update allowed rate per min is 4
2019-09-06 15:43:48.232 [] [main]  [INFO] com.netflix.discovery.DiscoveryClient.<init>:425 Discovery Client initialized at timestamp 1567755828232 with initial instances count: 0
2019-09-06 15:43:48.248 [] [main]  [INFO] org.springframework.cloud.netflix.eureka.serviceregistry.EurekaServiceRegistry.register:40 Registering application charlie-manage with eureka with status UP
2019-09-06 15:43:48.249 [] [main]  [INFO] com.netflix.discovery.DiscoveryClient.notify:1279 Saw local status change event StatusChangeEvent [timestamp=1567755828249, current=UP, previous=STARTING]
2019-09-06 15:43:48.251 [] [DiscoveryClient-InstanceInfoReplicator-0]  [INFO] com.netflix.discovery.DiscoveryClient.register:795 DiscoveryClient_CHARLIE-MANAGE/192.168.31.164:8734: registering service...
2019-09-06 15:43:48.292 [] [main]  [INFO] org.springframework.context.support.DefaultLifecycleProcessor.start:343 Starting beans in phase 2147483647
2019-09-06 15:43:48.293 [] [main]  [INFO] springfox.documentation.spring.web.plugins.DocumentationPluginsBootstrapper.start:147 Context refreshed
2019-09-06 15:43:48.309 [] [main]  [INFO] springfox.documentation.spring.web.plugins.DocumentationPluginsBootstrapper.start:150 Found 1 custom documentation plugin(s)
2019-09-06 15:43:48.337 [] [DiscoveryClient-InstanceInfoReplicator-0]  [INFO] com.netflix.discovery.DiscoveryClient.register:804 DiscoveryClient_CHARLIE-MANAGE/192.168.31.164:8734 - registration status: 204
2019-09-06 15:43:48.361 [] [main]  [INFO] springfox.documentation.spring.web.scanners.ApiListingReferenceScanner.scan:41 Scanning for api listing references
2019-09-06 15:43:48.415 [] [main]  [INFO] springfox.documentation.spring.web.readers.operation.CachingOperationNameGenerator.startingWith:40 Generating unique operation named: testUsingGET_1
2019-09-06 15:43:48.477 [] [main]  [INFO] org.springframework.boot.context.embedded.tomcat.TomcatEmbeddedServletContainer.start:201 Tomcat started on port(s): 8734 (http)
2019-09-06 15:43:48.478 [] [main]  [INFO] org.springframework.cloud.netflix.eureka.serviceregistry.EurekaAutoServiceRegistration.onApplicationEvent:117 Updating port to 8734
2019-09-06 15:43:48.482 [] [main]  [INFO] ind.charlie.frameworkmanage.FrameworkManageApplication.logStarted:57 Started FrameworkManageApplication in 9.395 seconds (JVM running for 11.816)
2019-09-06 15:44:18.230 [] [DiscoveryClient-CacheRefreshExecutor-0]  [INFO] com.netflix.discovery.DiscoveryClient.fetchRegistry:920 Disable delta property : false
2019-09-06 15:44:18.230 [] [DiscoveryClient-CacheRefreshExecutor-0]  [INFO] com.netflix.discovery.DiscoveryClient.fetchRegistry:921 Single vip registry refresh property : null
2019-09-06 15:44:18.231 [] [DiscoveryClient-CacheRefreshExecutor-0]  [INFO] com.netflix.discovery.DiscoveryClient.fetchRegistry:922 Force full registry fetch : false
2019-09-06 15:44:18.231 [] [DiscoveryClient-CacheRefreshExecutor-0]  [INFO] com.netflix.discovery.DiscoveryClient.fetchRegistry:923 Application is null : false
2019-09-06 15:44:18.231 [] [DiscoveryClient-CacheRefreshExecutor-0]  [INFO] com.netflix.discovery.DiscoveryClient.fetchRegistry:924 Registered Applications size is zero : true
2019-09-06 15:44:18.231 [] [DiscoveryClient-CacheRefreshExecutor-0]  [INFO] com.netflix.discovery.DiscoveryClient.fetchRegistry:926 Application version is -1: false
2019-09-06 15:44:18.231 [] [DiscoveryClient-CacheRefreshExecutor-0]  [INFO] com.netflix.discovery.DiscoveryClient.getAndStoreFullRegistry:1009 Getting all instance registry info from the eureka server
2019-09-06 15:44:18.248 [] [DiscoveryClient-CacheRefreshExecutor-0]  [INFO] com.netflix.discovery.DiscoveryClient.getAndStoreFullRegistry:1018 The response status is 200
2019-09-06 15:46:06.131 [] [http-nio-8734-exec-1]  [INFO] org.apache.catalina.core.ContainerBase.[Tomcat].[localhost].[/].log:179 Initializing Spring FrameworkServlet 'dispatcherServlet'
2019-09-06 15:46:06.132 [] [http-nio-8734-exec-1]  [INFO] org.springframework.web.servlet.DispatcherServlet.initServletBean:489 FrameworkServlet 'dispatcherServlet': initialization started
2019-09-06 15:46:06.161 [] [http-nio-8734-exec-1]  [INFO] org.springframework.web.servlet.DispatcherServlet.initServletBean:508 FrameworkServlet 'dispatcherServlet': initialization completed in 29 ms
2019-09-06 15:47:30.043 [] [main]  [INFO] ind.charlie.frameworkmanage.FrameworkManageApplication.logStartupProfileInfo:593 No active profile set, falling back to default profiles: default
2019-09-06 15:47:30.058 [] [main]  [INFO] org.springframework.boot.context.embedded.AnnotationConfigEmbeddedWebApplicationContext.prepareRefresh:583 Refreshing org.springframework.boot.context.embedded.AnnotationConfigEmbeddedWebApplicationContext@49964d75: startup date [Fri Sep 06 15:47:30 CST 2019]; parent: org.springframework.context.annotation.AnnotationConfigApplicationContext@4c12331b
2019-09-06 15:47:31.105 [] [main]  [INFO] org.springframework.cloud.context.scope.GenericScope.setSerializationId:263 BeanFactory id=0aca81a5-abe6-3799-b8cf-7f50965e9b7c
2019-09-06 15:47:31.119 [] [main]  [INFO] org.springframework.beans.factory.annotation.AutowiredAnnotationBeanPostProcessor.<init>:155 JSR-330 'javax.inject.Inject' annotation found and supported for autowiring
2019-09-06 15:47:31.150 [] [main]  [INFO] org.springframework.context.support.PostProcessorRegistrationDelegate$BeanPostProcessorChecker.postProcessAfterInitialization:325 Bean 'org.springframework.cloud.netflix.metrics.MetricsInterceptorConfiguration$MetricsRestTemplateConfiguration' of type [org.springframework.cloud.netflix.metrics.MetricsInterceptorConfiguration$MetricsRestTemplateConfiguration$$EnhancerBySpringCGLIB$$b7705595] is not eligible for getting processed by all BeanPostProcessors (for example: not eligible for auto-proxying)
2019-09-06 15:47:31.156 [] [main]  [INFO] org.springframework.context.support.PostProcessorRegistrationDelegate$BeanPostProcessorChecker.postProcessAfterInitialization:325 Bean 'org.springframework.cloud.autoconfigure.ConfigurationPropertiesRebinderAutoConfiguration' of type [org.springframework.cloud.autoconfigure.ConfigurationPropertiesRebinderAutoConfiguration$$EnhancerBySpringCGLIB$$a15db251] is not eligible for getting processed by all BeanPostProcessors (for example: not eligible for auto-proxying)
2019-09-06 15:47:31.497 [] [main]  [INFO] org.springframework.boot.context.embedded.tomcat.TomcatEmbeddedServletContainer.initialize:89 Tomcat initialized with port(s): 8734 (http)
2019-09-06 15:47:31.507 [] [main]  [INFO] org.apache.catalina.core.StandardService.log:179 Starting service [Tomcat]
2019-09-06 15:47:31.508 [] [main]  [INFO] org.apache.catalina.core.StandardEngine.log:179 Starting Servlet Engine: Apache Tomcat/8.5.15
2019-09-06 15:47:31.662 [] [localhost-startStop-1]  [INFO] org.apache.catalina.core.ContainerBase.[Tomcat].[localhost].[/].log:179 Initializing Spring embedded WebApplicationContext
2019-09-06 15:47:31.663 [] [localhost-startStop-1]  [INFO] org.springframework.web.context.ContextLoader.prepareEmbeddedWebApplicationContext:276 Root WebApplicationContext: initialization completed in 1605 ms
2019-09-06 15:47:31.886 [] [localhost-startStop-1]  [INFO] org.springframework.boot.web.servlet.ServletRegistrationBean.onStartup:190 Mapping servlet: 'dispatcherServlet' to [/]
2019-09-06 15:47:31.890 [] [localhost-startStop-1]  [INFO] org.springframework.boot.web.servlet.FilterRegistrationBean.configure:258 Mapping filter: 'metricsFilter' to: [/*]
2019-09-06 15:47:31.890 [] [localhost-startStop-1]  [INFO] org.springframework.boot.web.servlet.FilterRegistrationBean.configure:258 Mapping filter: 'characterEncodingFilter' to: [/*]
2019-09-06 15:47:31.891 [] [localhost-startStop-1]  [INFO] org.springframework.boot.web.servlet.FilterRegistrationBean.configure:258 Mapping filter: 'hiddenHttpMethodFilter' to: [/*]
2019-09-06 15:47:31.891 [] [localhost-startStop-1]  [INFO] org.springframework.boot.web.servlet.FilterRegistrationBean.configure:258 Mapping filter: 'httpPutFormContentFilter' to: [/*]
2019-09-06 15:47:31.891 [] [localhost-startStop-1]  [INFO] org.springframework.boot.web.servlet.FilterRegistrationBean.configure:258 Mapping filter: 'requestContextFilter' to: [/*]
2019-09-06 15:47:31.891 [] [localhost-startStop-1]  [INFO] org.springframework.boot.web.servlet.FilterRegistrationBean.configure:258 Mapping filter: 'webRequestLoggingFilter' to: [/*]
2019-09-06 15:47:31.891 [] [localhost-startStop-1]  [INFO] org.springframework.boot.web.servlet.FilterRegistrationBean.configure:258 Mapping filter: 'applicationContextIdFilter' to: [/*]
2019-09-06 15:47:31.925 [] [main]  [WARN] org.springframework.boot.context.embedded.AnnotationConfigEmbeddedWebApplicationContext.refresh:551 Exception encountered during context initialization - cancelling refresh attempt: org.springframework.beans.factory.BeanCreationException: Error creating bean with name 'test2Controller': Injection of autowired dependencies failed; nested exception is java.lang.IllegalArgumentException: Could not resolve placeholder 'server.port1' in value "${server.port1}"
2019-09-06 15:47:31.927 [] [main]  [INFO] org.apache.catalina.core.StandardService.log:179 Stopping service [Tomcat]
2019-09-06 15:47:31.966 [] [main]  [INFO] org.springframework.boot.autoconfigure.logging.AutoConfigurationReportLoggingInitializer.logAutoConfigurationReport:101 

Error starting ApplicationContext. To display the auto-configuration report re-run your application with 'debug' enabled.
2019-09-06 15:47:31.974 [] [main]  [ERROR] org.springframework.boot.SpringApplication.reportFailure:771 Application startup failed
org.springframework.beans.factory.BeanCreationException: Error creating bean with name 'test2Controller': Injection of autowired dependencies failed; nested exception is java.lang.IllegalArgumentException: Could not resolve placeholder 'server.port1' in value "${server.port1}"
	at org.springframework.beans.factory.annotation.AutowiredAnnotationBeanPostProcessor.postProcessPropertyValues(AutowiredAnnotationBeanPostProcessor.java:372)
	at org.springframework.beans.factory.support.AbstractAutowireCapableBeanFactory.populateBean(AbstractAutowireCapableBeanFactory.java:1264)
	at org.springframework.beans.factory.support.AbstractAutowireCapableBeanFactory.doCreateBean(AbstractAutowireCapableBeanFactory.java:553)
	at org.springframework.beans.factory.support.AbstractAutowireCapableBeanFactory.createBean(AbstractAutowireCapableBeanFactory.java:483)
	at org.springframework.beans.factory.support.AbstractBeanFactory$1.getObject(AbstractBeanFactory.java:306)
	at org.springframework.beans.factory.support.DefaultSingletonBeanRegistry.getSingleton(DefaultSingletonBeanRegistry.java:230)
	at org.springframework.beans.factory.support.AbstractBeanFactory.doGetBean(AbstractBeanFactory.java:302)
	at org.springframework.beans.factory.support.AbstractBeanFactory.getBean(AbstractBeanFactory.java:197)
	at org.springframework.beans.factory.support.DefaultListableBeanFactory.preInstantiateSingletons(DefaultListableBeanFactory.java:761)
	at org.springframework.context.support.AbstractApplicationContext.finishBeanFactoryInitialization(AbstractApplicationContext.java:867)
	at org.springframework.context.support.AbstractApplicationContext.refresh(AbstractApplicationContext.java:543)
	at org.springframework.boot.context.embedded.EmbeddedWebApplicationContext.refresh(EmbeddedWebApplicationContext.java:122)
	at org.springframework.boot.SpringApplication.refresh(SpringApplication.java:693)
	at org.springframework.boot.SpringApplication.refreshContext(SpringApplication.java:360)
	at org.springframework.boot.SpringApplication.run(SpringApplication.java:303)
	at org.springframework.boot.SpringApplication.run(SpringApplication.java:1118)
	at org.springframework.boot.SpringApplication.run(SpringApplication.java:1107)
	at ind.charlie.frameworkmanage.FrameworkManageApplication.main(FrameworkManageApplication.java:16)
Caused by: java.lang.IllegalArgumentException: Could not resolve placeholder 'server.port1' in value "${server.port1}"
	at org.springframework.util.PropertyPlaceholderHelper.parseStringValue(PropertyPlaceholderHelper.java:174)
	at org.springframework.util.PropertyPlaceholderHelper.replacePlaceholders(PropertyPlaceholderHelper.java:126)
	at org.springframework.core.env.AbstractPropertyResolver.doResolvePlaceholders(AbstractPropertyResolver.java:236)
	at org.springframework.core.env.AbstractPropertyResolver.resolveRequiredPlaceholders(AbstractPropertyResolver.java:210)
	at org.springframework.context.support.PropertySourcesPlaceholderConfigurer$2.resolveStringValue(PropertySourcesPlaceholderConfigurer.java:172)
	at org.springframework.beans.factory.support.AbstractBeanFactory.resolveEmbeddedValue(AbstractBeanFactory.java:831)
	at org.springframework.beans.factory.support.DefaultListableBeanFactory.doResolveDependency(DefaultListableBeanFactory.java:1086)
	at org.springframework.beans.factory.support.DefaultListableBeanFactory.resolveDependency(DefaultListableBeanFactory.java:1066)
	at org.springframework.beans.factory.annotation.AutowiredAnnotationBeanPostProcessor$AutowiredFieldElement.inject(AutowiredAnnotationBeanPostProcessor.java:585)
	at org.springframework.beans.factory.annotation.InjectionMetadata.inject(InjectionMetadata.java:88)
	at org.springframework.beans.factory.annotation.AutowiredAnnotationBeanPostProcessor.postProcessPropertyValues(AutowiredAnnotationBeanPostProcessor.java:366)
	... 17 common frames omitted
2019-09-06 15:49:13.715 [] [main]  [INFO] ind.charlie.frameworkmanage.FrameworkManageApplication.logStartupProfileInfo:593 No active profile set, falling back to default profiles: default
2019-09-06 15:49:13.745 [] [main]  [INFO] org.springframework.boot.context.embedded.AnnotationConfigEmbeddedWebApplicationContext.prepareRefresh:583 Refreshing org.springframework.boot.context.embedded.AnnotationConfigEmbeddedWebApplicationContext@466276d8: startup date [Fri Sep 06 15:49:13 CST 2019]; parent: org.springframework.context.annotation.AnnotationConfigApplicationContext@3b69e7d1
2019-09-06 15:49:14.786 [] [main]  [INFO] org.springframework.cloud.context.scope.GenericScope.setSerializationId:263 BeanFactory id=0aca81a5-abe6-3799-b8cf-7f50965e9b7c
2019-09-06 15:49:14.801 [] [main]  [INFO] org.springframework.beans.factory.annotation.AutowiredAnnotationBeanPostProcessor.<init>:155 JSR-330 'javax.inject.Inject' annotation found and supported for autowiring
2019-09-06 15:49:14.830 [] [main]  [INFO] org.springframework.context.support.PostProcessorRegistrationDelegate$BeanPostProcessorChecker.postProcessAfterInitialization:325 Bean 'org.springframework.cloud.netflix.metrics.MetricsInterceptorConfiguration$MetricsRestTemplateConfiguration' of type [org.springframework.cloud.netflix.metrics.MetricsInterceptorConfiguration$MetricsRestTemplateConfiguration$$EnhancerBySpringCGLIB$$1f68f5f5] is not eligible for getting processed by all BeanPostProcessors (for example: not eligible for auto-proxying)
2019-09-06 15:49:14.837 [] [main]  [INFO] org.springframework.context.support.PostProcessorRegistrationDelegate$BeanPostProcessorChecker.postProcessAfterInitialization:325 Bean 'org.springframework.cloud.autoconfigure.ConfigurationPropertiesRebinderAutoConfiguration' of type [org.springframework.cloud.autoconfigure.ConfigurationPropertiesRebinderAutoConfiguration$$EnhancerBySpringCGLIB$$95652b1] is not eligible for getting processed by all BeanPostProcessors (for example: not eligible for auto-proxying)
2019-09-06 15:49:15.153 [] [main]  [INFO] org.springframework.boot.context.embedded.tomcat.TomcatEmbeddedServletContainer.initialize:89 Tomcat initialized with port(s): 8734 (http)
2019-09-06 15:49:15.161 [] [main]  [INFO] org.apache.catalina.core.StandardService.log:179 Starting service [Tomcat]
2019-09-06 15:49:15.162 [] [main]  [INFO] org.apache.catalina.core.StandardEngine.log:179 Starting Servlet Engine: Apache Tomcat/8.5.15
2019-09-06 15:49:15.315 [] [localhost-startStop-1]  [INFO] org.apache.catalina.core.ContainerBase.[Tomcat].[localhost].[/].log:179 Initializing Spring embedded WebApplicationContext
2019-09-06 15:49:15.316 [] [localhost-startStop-1]  [INFO] org.springframework.web.context.ContextLoader.prepareEmbeddedWebApplicationContext:276 Root WebApplicationContext: initialization completed in 1571 ms
2019-09-06 15:49:15.559 [] [localhost-startStop-1]  [INFO] org.springframework.boot.web.servlet.ServletRegistrationBean.onStartup:190 Mapping servlet: 'dispatcherServlet' to [/]
2019-09-06 15:49:15.564 [] [localhost-startStop-1]  [INFO] org.springframework.boot.web.servlet.FilterRegistrationBean.configure:258 Mapping filter: 'metricsFilter' to: [/*]
2019-09-06 15:49:15.564 [] [localhost-startStop-1]  [INFO] org.springframework.boot.web.servlet.FilterRegistrationBean.configure:258 Mapping filter: 'characterEncodingFilter' to: [/*]
2019-09-06 15:49:15.564 [] [localhost-startStop-1]  [INFO] org.springframework.boot.web.servlet.FilterRegistrationBean.configure:258 Mapping filter: 'hiddenHttpMethodFilter' to: [/*]
2019-09-06 15:49:15.564 [] [localhost-startStop-1]  [INFO] org.springframework.boot.web.servlet.FilterRegistrationBean.configure:258 Mapping filter: 'httpPutFormContentFilter' to: [/*]
2019-09-06 15:49:15.565 [] [localhost-startStop-1]  [INFO] org.springframework.boot.web.servlet.FilterRegistrationBean.configure:258 Mapping filter: 'requestContextFilter' to: [/*]
2019-09-06 15:49:15.565 [] [localhost-startStop-1]  [INFO] org.springframework.boot.web.servlet.FilterRegistrationBean.configure:258 Mapping filter: 'webRequestLoggingFilter' to: [/*]
2019-09-06 15:49:15.565 [] [localhost-startStop-1]  [INFO] org.springframework.boot.web.servlet.FilterRegistrationBean.configure:258 Mapping filter: 'applicationContextIdFilter' to: [/*]
2019-09-06 15:49:16.024 [] [main]  [INFO] org.springframework.web.servlet.mvc.method.annotation.RequestMappingHandlerMapping.register:543 Mapped "{[/test/test3333],methods=[GET]}" onto public java.lang.String ind.charlie.frameworkmanage.controller.Test2Controller.test() throws java.lang.Exception
2019-09-06 15:49:16.025 [] [main]  [INFO] org.springframework.web.servlet.mvc.method.annotation.RequestMappingHandlerMapping.register:543 Mapped "{[/test/test],methods=[GET]}" onto public java.lang.String ind.charlie.frameworkmanage.controller.TestController.test()
2019-09-06 15:49:16.029 [] [main]  [INFO] org.springframework.web.servlet.mvc.method.annotation.RequestMappingHandlerMapping.register:543 Mapped "{[/swagger-resources/configuration/security]}" onto public org.springframework.http.ResponseEntity<springfox.documentation.swagger.web.SecurityConfiguration> springfox.documentation.swagger.web.ApiResourceController.securityConfiguration()
2019-09-06 15:49:16.030 [] [main]  [INFO] org.springframework.web.servlet.mvc.method.annotation.RequestMappingHandlerMapping.register:543 Mapped "{[/swagger-resources/configuration/ui]}" onto public org.springframework.http.ResponseEntity<springfox.documentation.swagger.web.UiConfiguration> springfox.documentation.swagger.web.ApiResourceController.uiConfiguration()
2019-09-06 15:49:16.031 [] [main]  [INFO] org.springframework.web.servlet.mvc.method.annotation.RequestMappingHandlerMapping.register:543 Mapped "{[/swagger-resources]}" onto public org.springframework.http.ResponseEntity<java.util.List<springfox.documentation.swagger.web.SwaggerResource>> springfox.documentation.swagger.web.ApiResourceController.swaggerResources()
2019-09-06 15:49:16.035 [] [main]  [INFO] org.springframework.web.servlet.mvc.method.annotation.RequestMappingHandlerMapping.register:543 Mapped "{[/error]}" onto public org.springframework.http.ResponseEntity<java.util.Map<java.lang.String, java.lang.Object>> org.springframework.boot.autoconfigure.web.BasicErrorController.error(javax.servlet.http.HttpServletRequest)
2019-09-06 15:49:16.036 [] [main]  [INFO] org.springframework.web.servlet.mvc.method.annotation.RequestMappingHandlerMapping.register:543 Mapped "{[/error],produces=[text/html]}" onto public org.springframework.web.servlet.ModelAndView org.springframework.boot.autoconfigure.web.BasicErrorController.errorHtml(javax.servlet.http.HttpServletRequest,javax.servlet.http.HttpServletResponse)
2019-09-06 15:49:17.328 [] [main]  [INFO] org.springframework.boot.actuate.endpoint.mvc.EndpointHandlerMapping.register:543 Mapped "{[/dump || /dump.json],methods=[GET],produces=[application/vnd.spring-boot.actuator.v1+json || application/json]}" onto public java.lang.Object org.springframework.boot.actuate.endpoint.mvc.EndpointMvcAdapter.invoke()
2019-09-06 15:49:17.331 [] [main]  [INFO] org.springframework.boot.actuate.endpoint.mvc.EndpointHandlerMapping.register:543 Mapped "{[/trace || /trace.json],methods=[GET],produces=[application/vnd.spring-boot.actuator.v1+json || application/json]}" onto public java.lang.Object org.springframework.boot.actuate.endpoint.mvc.EndpointMvcAdapter.invoke()
2019-09-06 15:49:17.334 [] [main]  [INFO] org.springframework.boot.actuate.endpoint.mvc.EndpointHandlerMapping.register:543 Mapped "{[/refresh || /refresh.json],methods=[POST]}" onto public java.lang.Object org.springframework.cloud.endpoint.GenericPostableMvcEndpoint.invoke()
2019-09-06 15:49:17.335 [] [main]  [INFO] org.springframework.boot.actuate.endpoint.mvc.EndpointHandlerMapping.register:543 Mapped "{[/service-registry/instance-status],methods=[GET]}" onto public org.springframework.http.ResponseEntity org.springframework.cloud.client.serviceregistry.endpoint.ServiceRegistryEndpoint.getStatus()
2019-09-06 15:49:17.336 [] [main]  [INFO] org.springframework.boot.actuate.endpoint.mvc.EndpointHandlerMapping.register:543 Mapped "{[/service-registry/instance-status],methods=[POST]}" onto public org.springframework.http.ResponseEntity<?> org.springframework.cloud.client.serviceregistry.endpoint.ServiceRegistryEndpoint.setStatus(java.lang.String)
2019-09-06 15:49:17.338 [] [main]  [INFO] org.springframework.boot.actuate.endpoint.mvc.EndpointHandlerMapping.register:543 Mapped "{[/beans || /beans.json],methods=[GET],produces=[application/vnd.spring-boot.actuator.v1+json || application/json]}" onto public java.lang.Object org.springframework.boot.actuate.endpoint.mvc.EndpointMvcAdapter.invoke()
2019-09-06 15:49:17.340 [] [main]  [INFO] org.springframework.boot.actuate.endpoint.mvc.EndpointHandlerMapping.register:543 Mapped "{[/info || /info.json],methods=[GET],produces=[application/vnd.spring-boot.actuator.v1+json || application/json]}" onto public java.lang.Object org.springframework.boot.actuate.endpoint.mvc.EndpointMvcAdapter.invoke()
2019-09-06 15:49:17.343 [] [main]  [INFO] org.springframework.boot.actuate.endpoint.mvc.EndpointHandlerMapping.register:543 Mapped "{[/autoconfig || /autoconfig.json],methods=[GET],produces=[application/vnd.spring-boot.actuator.v1+json || application/json]}" onto public java.lang.Object org.springframework.boot.actuate.endpoint.mvc.EndpointMvcAdapter.invoke()
2019-09-06 15:49:17.349 [] [main]  [INFO] org.springframework.boot.actuate.endpoint.mvc.EndpointHandlerMapping.register:543 Mapped "{[/loggers/{name:.*}],methods=[GET],produces=[application/vnd.spring-boot.actuator.v1+json || application/json]}" onto public java.lang.Object org.springframework.boot.actuate.endpoint.mvc.LoggersMvcEndpoint.get(java.lang.String)
2019-09-06 15:49:17.352 [] [main]  [INFO] org.springframework.boot.actuate.endpoint.mvc.EndpointHandlerMapping.register:543 Mapped "{[/loggers/{name:.*}],methods=[POST],consumes=[application/vnd.spring-boot.actuator.v1+json || application/json],produces=[application/vnd.spring-boot.actuator.v1+json || application/json]}" onto public java.lang.Object org.springframework.boot.actuate.endpoint.mvc.LoggersMvcEndpoint.set(java.lang.String,java.util.Map<java.lang.String, java.lang.String>)
2019-09-06 15:49:17.353 [] [main]  [INFO] org.springframework.boot.actuate.endpoint.mvc.EndpointHandlerMapping.register:543 Mapped "{[/loggers || /loggers.json],methods=[GET],produces=[application/vnd.spring-boot.actuator.v1+json || application/json]}" onto public java.lang.Object org.springframework.boot.actuate.endpoint.mvc.EndpointMvcAdapter.invoke()
2019-09-06 15:49:17.354 [] [main]  [INFO] org.springframework.boot.actuate.endpoint.mvc.EndpointHandlerMapping.register:543 Mapped "{[/mappings || /mappings.json],methods=[GET],produces=[application/vnd.spring-boot.actuator.v1+json || application/json]}" onto public java.lang.Object org.springframework.boot.actuate.endpoint.mvc.EndpointMvcAdapter.invoke()
2019-09-06 15:49:17.356 [] [main]  [INFO] org.springframework.boot.actuate.endpoint.mvc.EndpointHandlerMapping.register:543 Mapped "{[/resume || /resume.json],methods=[POST]}" onto public java.lang.Object org.springframework.cloud.endpoint.GenericPostableMvcEndpoint.invoke()
2019-09-06 15:49:17.359 [] [main]  [INFO] org.springframework.boot.actuate.endpoint.mvc.EndpointHandlerMapping.register:543 Mapped "{[/metrics/{name:.*}],methods=[GET],produces=[application/vnd.spring-boot.actuator.v1+json || application/json]}" onto public java.lang.Object org.springframework.boot.actuate.endpoint.mvc.MetricsMvcEndpoint.value(java.lang.String)
2019-09-06 15:49:17.360 [] [main]  [INFO] org.springframework.boot.actuate.endpoint.mvc.EndpointHandlerMapping.register:543 Mapped "{[/metrics || /metrics.json],methods=[GET],produces=[application/vnd.spring-boot.actuator.v1+json || application/json]}" onto public java.lang.Object org.springframework.boot.actuate.endpoint.mvc.EndpointMvcAdapter.invoke()
2019-09-06 15:49:17.361 [] [main]  [INFO] org.springframework.boot.actuate.endpoint.mvc.EndpointHandlerMapping.register:543 Mapped "{[/auditevents || /auditevents.json],methods=[GET],produces=[application/vnd.spring-boot.actuator.v1+json || application/json]}" onto public org.springframework.http.ResponseEntity<?> org.springframework.boot.actuate.endpoint.mvc.AuditEventsMvcEndpoint.findByPrincipalAndAfterAndType(java.lang.String,java.util.Date,java.lang.String)
2019-09-06 15:49:17.364 [] [main]  [INFO] org.springframework.boot.actuate.endpoint.mvc.EndpointHandlerMapping.register:543 Mapped "{[/env],methods=[POST]}" onto public java.lang.Object org.springframework.cloud.context.environment.EnvironmentManagerMvcEndpoint.value(java.util.Map<java.lang.String, java.lang.String>)
2019-09-06 15:49:17.365 [] [main]  [INFO] org.springframework.boot.actuate.endpoint.mvc.EndpointHandlerMapping.register:543 Mapped "{[/env/reset],methods=[POST]}" onto public java.util.Map<java.lang.String, java.lang.Object> org.springframework.cloud.context.environment.EnvironmentManagerMvcEndpoint.reset()
2019-09-06 15:49:17.373 [] [main]  [INFO] org.springframework.boot.actuate.endpoint.mvc.EndpointHandlerMapping.register:543 Mapped "{[/health || /health.json],methods=[GET],produces=[application/vnd.spring-boot.actuator.v1+json || application/json]}" onto public java.lang.Object org.springframework.boot.actuate.endpoint.mvc.HealthMvcEndpoint.invoke(javax.servlet.http.HttpServletRequest,java.security.Principal)
2019-09-06 15:49:17.378 [] [main]  [INFO] org.springframework.boot.actuate.endpoint.mvc.EndpointHandlerMapping.register:543 Mapped "{[/env/{name:.*}],methods=[GET],produces=[application/vnd.spring-boot.actuator.v1+json || application/json]}" onto public java.lang.Object org.springframework.boot.actuate.endpoint.mvc.EnvironmentMvcEndpoint.value(java.lang.String)
2019-09-06 15:49:17.383 [] [main]  [INFO] org.springframework.boot.actuate.endpoint.mvc.EndpointHandlerMapping.register:543 Mapped "{[/env || /env.json],methods=[GET],produces=[application/vnd.spring-boot.actuator.v1+json || application/json]}" onto public java.lang.Object org.springframework.boot.actuate.endpoint.mvc.EndpointMvcAdapter.invoke()
2019-09-06 15:49:17.384 [] [main]  [INFO] org.springframework.boot.actuate.endpoint.mvc.EndpointHandlerMapping.register:543 Mapped "{[/pause || /pause.json],methods=[POST]}" onto public java.lang.Object org.springframework.cloud.endpoint.GenericPostableMvcEndpoint.invoke()
2019-09-06 15:49:17.386 [] [main]  [INFO] org.springframework.boot.actuate.endpoint.mvc.EndpointHandlerMapping.register:543 Mapped "{[/archaius || /archaius.json],methods=[GET],produces=[application/vnd.spring-boot.actuator.v1+json || application/json]}" onto public java.lang.Object org.springframework.boot.actuate.endpoint.mvc.EndpointMvcAdapter.invoke()
2019-09-06 15:49:17.388 [] [main]  [INFO] org.springframework.boot.actuate.endpoint.mvc.EndpointHandlerMapping.register:543 Mapped "{[/configprops || /configprops.json],methods=[GET],produces=[application/vnd.spring-boot.actuator.v1+json || application/json]}" onto public java.lang.Object org.springframework.boot.actuate.endpoint.mvc.EndpointMvcAdapter.invoke()
2019-09-06 15:49:17.389 [] [main]  [INFO] org.springframework.boot.actuate.endpoint.mvc.EndpointHandlerMapping.register:543 Mapped "{[/features || /features.json],methods=[GET],produces=[application/vnd.spring-boot.actuator.v1+json || application/json]}" onto public java.lang.Object org.springframework.boot.actuate.endpoint.mvc.EndpointMvcAdapter.invoke()
2019-09-06 15:49:17.393 [] [main]  [INFO] org.springframework.boot.actuate.endpoint.mvc.EndpointHandlerMapping.register:543 Mapped "{[/heapdump || /heapdump.json],methods=[GET],produces=[application/octet-stream]}" onto public void org.springframework.boot.actuate.endpoint.mvc.HeapdumpMvcEndpoint.invoke(boolean,javax.servlet.http.HttpServletRequest,javax.servlet.http.HttpServletResponse) throws java.io.IOException,javax.servlet.ServletException
2019-09-06 15:49:17.394 [] [main]  [INFO] org.springframework.boot.actuate.endpoint.mvc.EndpointHandlerMapping.register:543 Mapped "{[/restart || /restart.json],methods=[POST]}" onto public java.lang.Object org.springframework.cloud.context.restart.RestartMvcEndpoint.invoke()
2019-09-06 15:49:17.578 [] [main]  [INFO] springfox.documentation.spring.web.PropertySourcedRequestMappingHandlerMapping.initHandlerMethods:69 Mapped URL path [/v2/api-docs] onto method [public org.springframework.http.ResponseEntity<springfox.documentation.spring.web.json.Json> springfox.documentation.swagger2.web.Swagger2Controller.getDocumentation(java.lang.String,javax.servlet.http.HttpServletRequest)]
2019-09-06 15:49:18.027 [] [main]  [INFO] org.springframework.web.servlet.mvc.method.annotation.RequestMappingHandlerAdapter.initControllerAdviceCache:534 Looking for @ControllerAdvice: org.springframework.boot.context.embedded.AnnotationConfigEmbeddedWebApplicationContext@466276d8: startup date [Fri Sep 06 15:49:13 CST 2019]; parent: org.springframework.context.annotation.AnnotationConfigApplicationContext@3b69e7d1
2019-09-06 15:49:18.108 [] [main]  [INFO] org.springframework.web.servlet.handler.SimpleUrlHandlerMapping.registerHandler:362 Mapped URL path [/webjars/**] onto handler of type [class org.springframework.web.servlet.resource.ResourceHttpRequestHandler]
2019-09-06 15:49:18.108 [] [main]  [INFO] org.springframework.web.servlet.handler.SimpleUrlHandlerMapping.registerHandler:362 Mapped URL path [/**] onto handler of type [class org.springframework.web.servlet.resource.ResourceHttpRequestHandler]
2019-09-06 15:49:18.156 [] [main]  [INFO] org.springframework.web.servlet.handler.SimpleUrlHandlerMapping.registerHandler:362 Mapped URL path [/**/favicon.ico] onto handler of type [class org.springframework.web.servlet.resource.ResourceHttpRequestHandler]
2019-09-06 15:49:18.521 [] [main]  [INFO] org.springframework.ui.freemarker.SpringTemplateLoader.<init>:61 SpringTemplateLoader for FreeMarker: using resource loader [org.springframework.boot.context.embedded.AnnotationConfigEmbeddedWebApplicationContext@466276d8: startup date [Fri Sep 06 15:49:13 CST 2019]; parent: org.springframework.context.annotation.AnnotationConfigApplicationContext@3b69e7d1] and template loader path [classpath:/templates/]
2019-09-06 15:49:18.522 [] [main]  [INFO] org.springframework.web.servlet.view.freemarker.FreeMarkerConfigurer.postProcessTemplateLoaders:127 ClassTemplateLoader for Spring macros added to FreeMarker configuration
2019-09-06 15:49:18.666 [] [main]  [WARN] com.netflix.config.sources.URLConfigurationSource.<init>:121 No URLs will be polled as dynamic configuration sources.
2019-09-06 15:49:18.667 [] [main]  [INFO] com.netflix.config.sources.URLConfigurationSource.<init>:122 To enable URLs as dynamic configuration sources, define System property archaius.configurationSource.additionalUrls or make config.properties available on classpath.
2019-09-06 15:49:18.674 [] [main]  [WARN] com.netflix.config.sources.URLConfigurationSource.<init>:121 No URLs will be polled as dynamic configuration sources.
2019-09-06 15:49:18.674 [] [main]  [INFO] com.netflix.config.sources.URLConfigurationSource.<init>:122 To enable URLs as dynamic configuration sources, define System property archaius.configurationSource.additionalUrls or make config.properties available on classpath.
2019-09-06 15:49:18.809 [] [main]  [INFO] org.springframework.jmx.export.annotation.AnnotationMBeanExporter.afterSingletonsInstantiated:431 Registering beans for JMX exposure on startup
2019-09-06 15:49:18.821 [] [main]  [INFO] org.springframework.jmx.export.annotation.AnnotationMBeanExporter.autodetect:916 Bean with name 'environmentManager' has been autodetected for JMX exposure
2019-09-06 15:49:18.823 [] [main]  [INFO] org.springframework.jmx.export.annotation.AnnotationMBeanExporter.autodetect:916 Bean with name 'configurationPropertiesRebinder' has been autodetected for JMX exposure
2019-09-06 15:49:18.824 [] [main]  [INFO] org.springframework.jmx.export.annotation.AnnotationMBeanExporter.autodetect:916 Bean with name 'refreshEndpoint' has been autodetected for JMX exposure
2019-09-06 15:49:18.824 [] [main]  [INFO] org.springframework.jmx.export.annotation.AnnotationMBeanExporter.autodetect:916 Bean with name 'restartEndpoint' has been autodetected for JMX exposure
2019-09-06 15:49:18.825 [] [main]  [INFO] org.springframework.jmx.export.annotation.AnnotationMBeanExporter.autodetect:916 Bean with name 'serviceRegistryEndpoint' has been autodetected for JMX exposure
2019-09-06 15:49:18.826 [] [main]  [INFO] org.springframework.jmx.export.annotation.AnnotationMBeanExporter.autodetect:916 Bean with name 'refreshScope' has been autodetected for JMX exposure
2019-09-06 15:49:18.828 [] [main]  [INFO] org.springframework.jmx.export.annotation.AnnotationMBeanExporter.registerBeanInstance:678 Located managed bean 'environmentManager': registering with JMX server as MBean [org.springframework.cloud.context.environment:name=environmentManager,type=EnvironmentManager]
2019-09-06 15:49:18.848 [] [main]  [INFO] org.springframework.jmx.export.annotation.AnnotationMBeanExporter.registerBeanInstance:678 Located managed bean 'restartEndpoint': registering with JMX server as MBean [org.springframework.cloud.context.restart:name=restartEndpoint,type=RestartEndpoint]
2019-09-06 15:49:18.866 [] [main]  [INFO] org.springframework.jmx.export.annotation.AnnotationMBeanExporter.registerBeanInstance:678 Located managed bean 'serviceRegistryEndpoint': registering with JMX server as MBean [org.springframework.cloud.client.serviceregistry.endpoint:name=serviceRegistryEndpoint,type=ServiceRegistryEndpoint]
2019-09-06 15:49:18.875 [] [main]  [INFO] org.springframework.jmx.export.annotation.AnnotationMBeanExporter.registerBeanInstance:678 Located managed bean 'refreshScope': registering with JMX server as MBean [org.springframework.cloud.context.scope.refresh:name=refreshScope,type=RefreshScope]
2019-09-06 15:49:18.886 [] [main]  [INFO] org.springframework.jmx.export.annotation.AnnotationMBeanExporter.registerBeanInstance:678 Located managed bean 'configurationPropertiesRebinder': registering with JMX server as MBean [org.springframework.cloud.context.properties:name=configurationPropertiesRebinder,context=466276d8,type=ConfigurationPropertiesRebinder]
2019-09-06 15:49:18.891 [] [main]  [INFO] org.springframework.jmx.export.annotation.AnnotationMBeanExporter.registerBeanInstance:678 Located managed bean 'refreshEndpoint': registering with JMX server as MBean [org.springframework.cloud.endpoint:name=refreshEndpoint,type=RefreshEndpoint]
2019-09-06 15:49:19.150 [] [main]  [INFO] org.springframework.context.support.DefaultLifecycleProcessor.start:343 Starting beans in phase 0
2019-09-06 15:49:19.159 [] [main]  [INFO] org.springframework.cloud.netflix.eureka.InstanceInfoFactory.create:70 Setting initial instance status as: STARTING
2019-09-06 15:49:19.204 [] [main]  [INFO] com.netflix.discovery.DiscoveryClient.<init>:344 Initializing Eureka in region us-east-1
2019-09-06 15:49:21.127 [] [main]  [INFO] com.netflix.discovery.provider.DiscoveryJerseyProvider.<init>:70 Using JSON encoding codec LegacyJacksonJson
2019-09-06 15:49:21.128 [] [main]  [INFO] com.netflix.discovery.provider.DiscoveryJerseyProvider.<init>:71 Using JSON decoding codec LegacyJacksonJson
2019-09-06 15:49:21.372 [] [main]  [INFO] com.netflix.discovery.provider.DiscoveryJerseyProvider.<init>:80 Using XML encoding codec XStreamXml
2019-09-06 15:49:21.373 [] [main]  [INFO] com.netflix.discovery.provider.DiscoveryJerseyProvider.<init>:81 Using XML decoding codec XStreamXml
2019-09-06 15:49:21.683 [] [main]  [INFO] com.netflix.discovery.shared.resolver.aws.ConfigClusterResolver.getClusterEndpoints:43 Resolving eureka endpoints via configuration
2019-09-06 15:49:22.546 [] [main]  [INFO] com.netflix.discovery.DiscoveryClient.fetchRegistry:920 Disable delta property : false
2019-09-06 15:49:22.546 [] [main]  [INFO] com.netflix.discovery.DiscoveryClient.fetchRegistry:921 Single vip registry refresh property : null
2019-09-06 15:49:22.547 [] [main]  [INFO] com.netflix.discovery.DiscoveryClient.fetchRegistry:922 Force full registry fetch : false
2019-09-06 15:49:22.547 [] [main]  [INFO] com.netflix.discovery.DiscoveryClient.fetchRegistry:923 Application is null : false
2019-09-06 15:49:22.547 [] [main]  [INFO] com.netflix.discovery.DiscoveryClient.fetchRegistry:924 Registered Applications size is zero : true
2019-09-06 15:49:22.547 [] [main]  [INFO] com.netflix.discovery.DiscoveryClient.fetchRegistry:926 Application version is -1: true
2019-09-06 15:49:22.548 [] [main]  [INFO] com.netflix.discovery.DiscoveryClient.getAndStoreFullRegistry:1009 Getting all instance registry info from the eureka server
2019-09-06 15:49:22.713 [] [main]  [INFO] com.netflix.discovery.DiscoveryClient.getAndStoreFullRegistry:1018 The response status is 200
2019-09-06 15:49:22.714 [] [main]  [INFO] com.netflix.discovery.DiscoveryClient.initScheduledTasks:1244 Starting heartbeat executor: renew interval is: 5
2019-09-06 15:49:22.717 [] [main]  [INFO] com.netflix.discovery.InstanceInfoReplicator.<init>:59 InstanceInfoReplicator onDemand update allowed rate per min is 4
2019-09-06 15:49:22.722 [] [main]  [INFO] com.netflix.discovery.DiscoveryClient.<init>:425 Discovery Client initialized at timestamp 1567756162721 with initial instances count: 0
2019-09-06 15:49:22.745 [] [main]  [INFO] org.springframework.cloud.netflix.eureka.serviceregistry.EurekaServiceRegistry.register:40 Registering application charlie-manage with eureka with status UP
2019-09-06 15:49:22.746 [] [main]  [INFO] com.netflix.discovery.DiscoveryClient.notify:1279 Saw local status change event StatusChangeEvent [timestamp=1567756162746, current=UP, previous=STARTING]
2019-09-06 15:49:22.748 [] [DiscoveryClient-InstanceInfoReplicator-0]  [INFO] com.netflix.discovery.DiscoveryClient.register:795 DiscoveryClient_CHARLIE-MANAGE/192.168.31.164:8734: registering service...
2019-09-06 15:49:22.883 [] [main]  [INFO] org.springframework.context.support.DefaultLifecycleProcessor.start:343 Starting beans in phase 2147483647
2019-09-06 15:49:22.884 [] [main]  [INFO] springfox.documentation.spring.web.plugins.DocumentationPluginsBootstrapper.start:147 Context refreshed
2019-09-06 15:49:22.895 [] [DiscoveryClient-InstanceInfoReplicator-0]  [INFO] com.netflix.discovery.DiscoveryClient.register:804 DiscoveryClient_CHARLIE-MANAGE/192.168.31.164:8734 - registration status: 204
2019-09-06 15:49:22.921 [] [main]  [INFO] springfox.documentation.spring.web.plugins.DocumentationPluginsBootstrapper.start:150 Found 1 custom documentation plugin(s)
2019-09-06 15:49:23.026 [] [main]  [INFO] springfox.documentation.spring.web.scanners.ApiListingReferenceScanner.scan:41 Scanning for api listing references
2019-09-06 15:49:23.131 [] [main]  [INFO] springfox.documentation.spring.web.readers.operation.CachingOperationNameGenerator.startingWith:40 Generating unique operation named: testUsingGET_1
2019-09-06 15:49:23.245 [] [main]  [INFO] org.springframework.boot.context.embedded.tomcat.TomcatEmbeddedServletContainer.start:201 Tomcat started on port(s): 8734 (http)
2019-09-06 15:49:23.247 [] [main]  [INFO] org.springframework.cloud.netflix.eureka.serviceregistry.EurekaAutoServiceRegistration.onApplicationEvent:117 Updating port to 8734
2019-09-06 15:49:23.252 [] [main]  [INFO] ind.charlie.frameworkmanage.FrameworkManageApplication.logStarted:57 Started FrameworkManageApplication in 11.78 seconds (JVM running for 13.598)
2019-09-06 15:49:30.576 [] [http-nio-8734-exec-1]  [INFO] org.apache.catalina.core.ContainerBase.[Tomcat].[localhost].[/].log:179 Initializing Spring FrameworkServlet 'dispatcherServlet'
2019-09-06 15:49:30.577 [] [http-nio-8734-exec-1]  [INFO] org.springframework.web.servlet.DispatcherServlet.initServletBean:489 FrameworkServlet 'dispatcherServlet': initialization started
2019-09-06 15:49:30.602 [] [http-nio-8734-exec-1]  [INFO] org.springframework.web.servlet.DispatcherServlet.initServletBean:508 FrameworkServlet 'dispatcherServlet': initialization completed in 25 ms
2019-09-06 15:49:34.269 [] [http-nio-8734-exec-1]  [INFO] ind.charlie.frameworkmanage.controller.Test2Controller.test:27 8734
2019-09-06 15:49:52.715 [] [DiscoveryClient-CacheRefreshExecutor-0]  [INFO] com.netflix.discovery.DiscoveryClient.fetchRegistry:920 Disable delta property : false
2019-09-06 15:49:52.715 [] [DiscoveryClient-CacheRefreshExecutor-0]  [INFO] com.netflix.discovery.DiscoveryClient.fetchRegistry:921 Single vip registry refresh property : null
2019-09-06 15:49:52.716 [] [DiscoveryClient-CacheRefreshExecutor-0]  [INFO] com.netflix.discovery.DiscoveryClient.fetchRegistry:922 Force full registry fetch : false
2019-09-06 15:49:52.716 [] [DiscoveryClient-CacheRefreshExecutor-0]  [INFO] com.netflix.discovery.DiscoveryClient.fetchRegistry:923 Application is null : false
2019-09-06 15:49:52.716 [] [DiscoveryClient-CacheRefreshExecutor-0]  [INFO] com.netflix.discovery.DiscoveryClient.fetchRegistry:924 Registered Applications size is zero : true
2019-09-06 15:49:52.716 [] [DiscoveryClient-CacheRefreshExecutor-0]  [INFO] com.netflix.discovery.DiscoveryClient.fetchRegistry:926 Application version is -1: false
2019-09-06 15:49:52.716 [] [DiscoveryClient-CacheRefreshExecutor-0]  [INFO] com.netflix.discovery.DiscoveryClient.getAndStoreFullRegistry:1009 Getting all instance registry info from the eureka server
2019-09-06 15:49:52.735 [] [DiscoveryClient-CacheRefreshExecutor-0]  [INFO] com.netflix.discovery.DiscoveryClient.getAndStoreFullRegistry:1018 The response status is 200
